23:15:23 | INFO | Iniciando a sincronizacao
23:15:27 | INFO | REL-1 - Parte Two Marcelo | 4h 8m | 2018-02-18T13:27:35.000-0300 | 18/02/2018 13:27:35 
23:15:29 | INFO | REL-1 - Parte One Marcelo | 4h 36m | 2018-02-18T07:24:33.000-0300 | 18/02/2018 07:24:33 
23:15:31 | INFO | Fim da sincronizacao
23:16:23 | INFO | Iniciando a sincronizacao
23:16:25 | ERROR | Algum erro aconteceu no GetToggl: Newtonsoft.Json.JsonSerializationException: Error converting value {null} to type 'System.Int32'. Path 'total_grand', line 1, position 19. ---> System.InvalidCastException: O objeto nulo não pode ser convertido em um tipo de valor.
   em System.Convert.ChangeType(Object value, Type conversionType, IFormatProvider provider)
   em Newtonsoft.Json.Serialization.JsonSerializerInternalReader.EnsureType(JsonReader reader, Object value, CultureInfo culture, JsonContract contract, Type targetType)
   --- Fim do rastreamento de pilha de exceções internas ---
   em Newtonsoft.Json.Serialization.JsonSerializerInternalReader.EnsureType(JsonReader reader, Object value, CultureInfo culture, JsonContract contract, Type targetType)
   em Newtonsoft.Json.Serialization.JsonSerializerInternalReader.CreateValueInternal(JsonReader reader, Type objectType, JsonContract contract, JsonProperty member, JsonContainerContract containerContract, JsonProperty containerMember, Object existingValue)
   em Newtonsoft.Json.Serialization.JsonSerializerInternalReader.SetPropertyValue(JsonProperty property, JsonConverter propertyConverter, JsonContainerContract containerContract, JsonProperty containerProperty, JsonReader reader, Object target)
   em Newtonsoft.Json.Serialization.JsonSerializerInternalReader.PopulateObject(Object newObject, JsonReader reader, JsonObjectContract contract, JsonProperty member, String id)
   em Newtonsoft.Json.Serialization.JsonSerializerInternalReader.CreateObject(JsonReader reader, Type objectType, JsonContract contract, JsonProperty member, JsonContainerContract containerContract, JsonProperty containerMember, Object existingValue)
   em Newtonsoft.Json.Serialization.JsonSerializerInternalReader.CreateValueInternal(JsonReader reader, Type objectType, JsonContract contract, JsonProperty member, JsonContainerContract containerContract, JsonProperty containerMember, Object existingValue)
   em Newtonsoft.Json.Serialization.JsonSerializerInternalReader.Deserialize(JsonReader reader, Type objectType, Boolean checkAdditionalContent)
   em Newtonsoft.Json.JsonSerializer.DeserializeInternal(JsonReader reader, Type objectType)
   em System.Net.Http.Formatting.BaseJsonMediaTypeFormatter.ReadFromStream(Type type, Stream readStream, Encoding effectiveEncoding, IFormatterLogger formatterLogger)
   em System.Net.Http.Formatting.JsonMediaTypeFormatter.ReadFromStream(Type type, Stream readStream, Encoding effectiveEncoding, IFormatterLogger formatterLogger)
   em System.Net.Http.Formatting.BaseJsonMediaTypeFormatter.ReadFromStream(Type type, Stream readStream, HttpContent content, IFormatterLogger formatterLogger)
   em System.Net.Http.Formatting.BaseJsonMediaTypeFormatter.ReadFromStreamAsync(Type type, Stream readStream, HttpContent content, IFormatterLogger formatterLogger)
--- Fim do rastreamento de pilha do local anterior onde a exceção foi gerada ---
   em System.Runtime.CompilerServices.TaskAwaiter.ThrowForNonSuccess(Task task)
   em System.Runtime.CompilerServices.TaskAwaiter.HandleNonSuccessAndDebuggerNotification(Task task)
   em System.Net.Http.HttpContentExtensions.<ReadAsAsyncCore>d__17`1.MoveNext()
--- Fim do rastreamento de pilha do local anterior onde a exceção foi gerada ---
   em System.Runtime.CompilerServices.TaskAwaiter.ThrowForNonSuccess(Task task)
   em System.Runtime.CompilerServices.TaskAwaiter.HandleNonSuccessAndDebuggerNotification(Task task)
   em System.Runtime.CompilerServices.TaskAwaiter`1.GetResult()
   em TogglJiraConsole.Service.<GetToggl>d__9.MoveNext() na C:\Marcelo\VS2017\IntegracaoTogglJira\windowsservicetoggljira\TogglJiraConsole\Service.cs:linha 160
23:16:25 | INFO | Fim da sincronizacao
23:17:23 | INFO | Iniciando a sincronizacao
23:17:25 | ERROR | Algum erro aconteceu no GetToggl: Newtonsoft.Json.JsonSerializationException: Error converting value {null} to type 'System.Int32'. Path 'total_grand', line 1, position 19. ---> System.InvalidCastException: O objeto nulo não pode ser convertido em um tipo de valor.
   em System.Convert.ChangeType(Object value, Type conversionType, IFormatProvider provider)
   em Newtonsoft.Json.Serialization.JsonSerializerInternalReader.EnsureType(JsonReader reader, Object value, CultureInfo culture, JsonContract contract, Type targetType)
   --- Fim do rastreamento de pilha de exceções internas ---
   em Newtonsoft.Json.Serialization.JsonSerializerInternalReader.EnsureType(JsonReader reader, Object value, CultureInfo culture, JsonContract contract, Type targetType)
   em Newtonsoft.Json.Serialization.JsonSerializerInternalReader.CreateValueInternal(JsonReader reader, Type objectType, JsonContract contract, JsonProperty member, JsonContainerContract containerContract, JsonProperty containerMember, Object existingValue)
   em Newtonsoft.Json.Serialization.JsonSerializerInternalReader.SetPropertyValue(JsonProperty property, JsonConverter propertyConverter, JsonContainerContract containerContract, JsonProperty containerProperty, JsonReader reader, Object target)
   em Newtonsoft.Json.Serialization.JsonSerializerInternalReader.PopulateObject(Object newObject, JsonReader reader, JsonObjectContract contract, JsonProperty member, String id)
   em Newtonsoft.Json.Serialization.JsonSerializerInternalReader.CreateObject(JsonReader reader, Type objectType, JsonContract contract, JsonProperty member, JsonContainerContract containerContract, JsonProperty containerMember, Object existingValue)
   em Newtonsoft.Json.Serialization.JsonSerializerInternalReader.CreateValueInternal(JsonReader reader, Type objectType, JsonContract contract, JsonProperty member, JsonContainerContract containerContract, JsonProperty containerMember, Object existingValue)
   em Newtonsoft.Json.Serialization.JsonSerializerInternalReader.Deserialize(JsonReader reader, Type objectType, Boolean checkAdditionalContent)
   em Newtonsoft.Json.JsonSerializer.DeserializeInternal(JsonReader reader, Type objectType)
   em System.Net.Http.Formatting.BaseJsonMediaTypeFormatter.ReadFromStream(Type type, Stream readStream, Encoding effectiveEncoding, IFormatterLogger formatterLogger)
   em System.Net.Http.Formatting.JsonMediaTypeFormatter.ReadFromStream(Type type, Stream readStream, Encoding effectiveEncoding, IFormatterLogger formatterLogger)
   em System.Net.Http.Formatting.BaseJsonMediaTypeFormatter.ReadFromStream(Type type, Stream readStream, HttpContent content, IFormatterLogger formatterLogger)
   em System.Net.Http.Formatting.BaseJsonMediaTypeFormatter.ReadFromStreamAsync(Type type, Stream readStream, HttpContent content, IFormatterLogger formatterLogger)
--- Fim do rastreamento de pilha do local anterior onde a exceção foi gerada ---
   em System.Runtime.CompilerServices.TaskAwaiter.ThrowForNonSuccess(Task task)
   em System.Runtime.CompilerServices.TaskAwaiter.HandleNonSuccessAndDebuggerNotification(Task task)
   em System.Net.Http.HttpContentExtensions.<ReadAsAsyncCore>d__17`1.MoveNext()
--- Fim do rastreamento de pilha do local anterior onde a exceção foi gerada ---
   em System.Runtime.CompilerServices.TaskAwaiter.ThrowForNonSuccess(Task task)
   em System.Runtime.CompilerServices.TaskAwaiter.HandleNonSuccessAndDebuggerNotification(Task task)
   em System.Runtime.CompilerServices.TaskAwaiter`1.GetResult()
   em TogglJiraConsole.Service.<GetToggl>d__9.MoveNext() na C:\Marcelo\VS2017\IntegracaoTogglJira\windowsservicetoggljira\TogglJiraConsole\Service.cs:linha 160
23:17:25 | INFO | Fim da sincronizacao
23:18:45 | INFO | Iniciando a sincronizacao
23:19:55 | INFO | Iniciando a sincronizacao
23:20:54 | INFO | Iniciando a sincronizacao
23:21:44 | INFO | Iniciando a sincronizacao
23:22:05 | INFO | Iniciando a sincronizacao
23:23:35 | INFO | Iniciando a sincronizacao
23:23:40 | INFO | REL-2 - Parte One Marcelo | 3h 20m | 2018-01-10T08:35:00.000-0300 | 10/01/2018 08:35:00 
23:23:41 | INFO | Fim da sincronizacao
