23:30:56 | INFO | Iniciando a sincronizacao
23:31:00 | INFO | REL-3 - Criando as primeiras controllers e models | 4h 17m | 2018-02-18T12:00:20.000-0300 | 18/02/2018 12:00:20 
23:31:01 | INFO | REL-3 - Criando as primeiras controllers e models | 3h 34m | 2018-02-18T07:06:14.000-0300 | 18/02/2018 07:06:14 
23:31:03 | INFO | REL-4 - Testando o sistema de versões SGV | 1h 27m | 2017-12-21T07:43:00.000-0300 | 21/12/2017 07:43:00 
23:31:06 | INFO | REL-4 - Criando testes para  controllers e models | 2h 50m | 2017-12-13T09:10:00.000-0300 | 13/12/2017 09:10:00 
23:31:07 | INFO | Fim da sincronizacao
23:31:49 | INFO | Iniciando a sincronizacao
23:31:52 | ERROR | Algum erro aconteceu no GetToggl: Newtonsoft.Json.JsonSerializationException: Error converting value {null} to type 'System.Int32'. Path 'total_grand', line 1, position 19. ---> System.InvalidCastException: O objeto nulo não pode ser convertido em um tipo de valor.
   em System.Convert.ChangeType(Object value, Type conversionType, IFormatProvider provider)
   em Newtonsoft.Json.Serialization.JsonSerializerInternalReader.EnsureType(JsonReader reader, Object value, CultureInfo culture, JsonContract contract, Type targetType)
   --- Fim do rastreamento de pilha de exceções internas ---
   em Newtonsoft.Json.Serialization.JsonSerializerInternalReader.EnsureType(JsonReader reader, Object value, CultureInfo culture, JsonContract contract, Type targetType)
   em Newtonsoft.Json.Serialization.JsonSerializerInternalReader.CreateValueInternal(JsonReader reader, Type objectType, JsonContract contract, JsonProperty member, JsonContainerContract containerContract, JsonProperty containerMember, Object existingValue)
   em Newtonsoft.Json.Serialization.JsonSerializerInternalReader.SetPropertyValue(JsonProperty property, JsonConverter propertyConverter, JsonContainerContract containerContract, JsonProperty containerProperty, JsonReader reader, Object target)
   em Newtonsoft.Json.Serialization.JsonSerializerInternalReader.PopulateObject(Object newObject, JsonReader reader, JsonObjectContract contract, JsonProperty member, String id)
   em Newtonsoft.Json.Serialization.JsonSerializerInternalReader.CreateObject(JsonReader reader, Type objectType, JsonContract contract, JsonProperty member, JsonContainerContract containerContract, JsonProperty containerMember, Object existingValue)
   em Newtonsoft.Json.Serialization.JsonSerializerInternalReader.CreateValueInternal(JsonReader reader, Type objectType, JsonContract contract, JsonProperty member, JsonContainerContract containerContract, JsonProperty containerMember, Object existingValue)
   em Newtonsoft.Json.Serialization.JsonSerializerInternalReader.Deserialize(JsonReader reader, Type objectType, Boolean checkAdditionalContent)
   em Newtonsoft.Json.JsonSerializer.DeserializeInternal(JsonReader reader, Type objectType)
   em System.Net.Http.Formatting.BaseJsonMediaTypeFormatter.ReadFromStream(Type type, Stream readStream, Encoding effectiveEncoding, IFormatterLogger formatterLogger)
   em System.Net.Http.Formatting.JsonMediaTypeFormatter.ReadFromStream(Type type, Stream readStream, Encoding effectiveEncoding, IFormatterLogger formatterLogger)
   em System.Net.Http.Formatting.BaseJsonMediaTypeFormatter.ReadFromStream(Type type, Stream readStream, HttpContent content, IFormatterLogger formatterLogger)
   em System.Net.Http.Formatting.BaseJsonMediaTypeFormatter.ReadFromStreamAsync(Type type, Stream readStream, HttpContent content, IFormatterLogger formatterLogger)
--- Fim do rastreamento de pilha do local anterior onde a exceção foi gerada ---
   em System.Runtime.CompilerServices.TaskAwaiter.ThrowForNonSuccess(Task task)
   em System.Runtime.CompilerServices.TaskAwaiter.HandleNonSuccessAndDebuggerNotification(Task task)
   em System.Net.Http.HttpContentExtensions.<ReadAsAsyncCore>d__17`1.MoveNext()
--- Fim do rastreamento de pilha do local anterior onde a exceção foi gerada ---
   em System.Runtime.CompilerServices.TaskAwaiter.ThrowForNonSuccess(Task task)
   em System.Runtime.CompilerServices.TaskAwaiter.HandleNonSuccessAndDebuggerNotification(Task task)
   em System.Runtime.CompilerServices.TaskAwaiter.ValidateEnd(Task task)
   em TogglJiraConsole.Service.<GetToggl>d__9.MoveNext() na C:\Marcelo\VS2017\IntegracaoTogglJira\windowsservicetoggljira\TogglJiraConsole\Service.cs:linha 160
23:31:52 | INFO | Fim da sincronizacao
23:32:49 | INFO | Iniciando a sincronizacao
23:32:52 | ERROR | Algum erro aconteceu no GetToggl: Newtonsoft.Json.JsonSerializationException: Error converting value {null} to type 'System.Int32'. Path 'total_grand', line 1, position 19. ---> System.InvalidCastException: O objeto nulo não pode ser convertido em um tipo de valor.
   em System.Convert.ChangeType(Object value, Type conversionType, IFormatProvider provider)
   em Newtonsoft.Json.Serialization.JsonSerializerInternalReader.EnsureType(JsonReader reader, Object value, CultureInfo culture, JsonContract contract, Type targetType)
   --- Fim do rastreamento de pilha de exceções internas ---
   em Newtonsoft.Json.Serialization.JsonSerializerInternalReader.EnsureType(JsonReader reader, Object value, CultureInfo culture, JsonContract contract, Type targetType)
   em Newtonsoft.Json.Serialization.JsonSerializerInternalReader.CreateValueInternal(JsonReader reader, Type objectType, JsonContract contract, JsonProperty member, JsonContainerContract containerContract, JsonProperty containerMember, Object existingValue)
   em Newtonsoft.Json.Serialization.JsonSerializerInternalReader.SetPropertyValue(JsonProperty property, JsonConverter propertyConverter, JsonContainerContract containerContract, JsonProperty containerProperty, JsonReader reader, Object target)
   em Newtonsoft.Json.Serialization.JsonSerializerInternalReader.PopulateObject(Object newObject, JsonReader reader, JsonObjectContract contract, JsonProperty member, String id)
   em Newtonsoft.Json.Serialization.JsonSerializerInternalReader.CreateObject(JsonReader reader, Type objectType, JsonContract contract, JsonProperty member, JsonContainerContract containerContract, JsonProperty containerMember, Object existingValue)
   em Newtonsoft.Json.Serialization.JsonSerializerInternalReader.CreateValueInternal(JsonReader reader, Type objectType, JsonContract contract, JsonProperty member, JsonContainerContract containerContract, JsonProperty containerMember, Object existingValue)
   em Newtonsoft.Json.Serialization.JsonSerializerInternalReader.Deserialize(JsonReader reader, Type objectType, Boolean checkAdditionalContent)
   em Newtonsoft.Json.JsonSerializer.DeserializeInternal(JsonReader reader, Type objectType)
   em System.Net.Http.Formatting.BaseJsonMediaTypeFormatter.ReadFromStream(Type type, Stream readStream, Encoding effectiveEncoding, IFormatterLogger formatterLogger)
   em System.Net.Http.Formatting.JsonMediaTypeFormatter.ReadFromStream(Type type, Stream readStream, Encoding effectiveEncoding, IFormatterLogger formatterLogger)
   em System.Net.Http.Formatting.BaseJsonMediaTypeFormatter.ReadFromStream(Type type, Stream readStream, HttpContent content, IFormatterLogger formatterLogger)
   em System.Net.Http.Formatting.BaseJsonMediaTypeFormatter.ReadFromStreamAsync(Type type, Stream readStream, HttpContent content, IFormatterLogger formatterLogger)
--- Fim do rastreamento de pilha do local anterior onde a exceção foi gerada ---
   em System.Runtime.CompilerServices.TaskAwaiter.ThrowForNonSuccess(Task task)
   em System.Runtime.CompilerServices.TaskAwaiter.HandleNonSuccessAndDebuggerNotification(Task task)
   em System.Net.Http.HttpContentExtensions.<ReadAsAsyncCore>d__17`1.MoveNext()
--- Fim do rastreamento de pilha do local anterior onde a exceção foi gerada ---
   em System.Runtime.CompilerServices.TaskAwaiter.ThrowForNonSuccess(Task task)
   em System.Runtime.CompilerServices.TaskAwaiter.HandleNonSuccessAndDebuggerNotification(Task task)
   em System.Runtime.CompilerServices.TaskAwaiter.ValidateEnd(Task task)
   em TogglJiraConsole.Service.<GetToggl>d__9.MoveNext() na C:\Marcelo\VS2017\IntegracaoTogglJira\windowsservicetoggljira\TogglJiraConsole\Service.cs:linha 160
23:32:52 | INFO | Fim da sincronizacao
23:33:49 | INFO | Iniciando a sincronizacao
23:33:52 | ERROR | Algum erro aconteceu no GetToggl: Newtonsoft.Json.JsonSerializationException: Error converting value {null} to type 'System.Int32'. Path 'total_grand', line 1, position 19. ---> System.InvalidCastException: O objeto nulo não pode ser convertido em um tipo de valor.
   em System.Convert.ChangeType(Object value, Type conversionType, IFormatProvider provider)
   em Newtonsoft.Json.Serialization.JsonSerializerInternalReader.EnsureType(JsonReader reader, Object value, CultureInfo culture, JsonContract contract, Type targetType)
   --- Fim do rastreamento de pilha de exceções internas ---
   em Newtonsoft.Json.Serialization.JsonSerializerInternalReader.EnsureType(JsonReader reader, Object value, CultureInfo culture, JsonContract contract, Type targetType)
   em Newtonsoft.Json.Serialization.JsonSerializerInternalReader.CreateValueInternal(JsonReader reader, Type objectType, JsonContract contract, JsonProperty member, JsonContainerContract containerContract, JsonProperty containerMember, Object existingValue)
   em Newtonsoft.Json.Serialization.JsonSerializerInternalReader.SetPropertyValue(JsonProperty property, JsonConverter propertyConverter, JsonContainerContract containerContract, JsonProperty containerProperty, JsonReader reader, Object target)
   em Newtonsoft.Json.Serialization.JsonSerializerInternalReader.PopulateObject(Object newObject, JsonReader reader, JsonObjectContract contract, JsonProperty member, String id)
   em Newtonsoft.Json.Serialization.JsonSerializerInternalReader.CreateObject(JsonReader reader, Type objectType, JsonContract contract, JsonProperty member, JsonContainerContract containerContract, JsonProperty containerMember, Object existingValue)
   em Newtonsoft.Json.Serialization.JsonSerializerInternalReader.CreateValueInternal(JsonReader reader, Type objectType, JsonContract contract, JsonProperty member, JsonContainerContract containerContract, JsonProperty containerMember, Object existingValue)
   em Newtonsoft.Json.Serialization.JsonSerializerInternalReader.Deserialize(JsonReader reader, Type objectType, Boolean checkAdditionalContent)
   em Newtonsoft.Json.JsonSerializer.DeserializeInternal(JsonReader reader, Type objectType)
   em System.Net.Http.Formatting.BaseJsonMediaTypeFormatter.ReadFromStream(Type type, Stream readStream, Encoding effectiveEncoding, IFormatterLogger formatterLogger)
   em System.Net.Http.Formatting.JsonMediaTypeFormatter.ReadFromStream(Type type, Stream readStream, Encoding effectiveEncoding, IFormatterLogger formatterLogger)
   em System.Net.Http.Formatting.BaseJsonMediaTypeFormatter.ReadFromStream(Type type, Stream readStream, HttpContent content, IFormatterLogger formatterLogger)
   em System.Net.Http.Formatting.BaseJsonMediaTypeFormatter.ReadFromStreamAsync(Type type, Stream readStream, HttpContent content, IFormatterLogger formatterLogger)
--- Fim do rastreamento de pilha do local anterior onde a exceção foi gerada ---
   em System.Runtime.CompilerServices.TaskAwaiter.ThrowForNonSuccess(Task task)
   em System.Runtime.CompilerServices.TaskAwaiter.HandleNonSuccessAndDebuggerNotification(Task task)
   em System.Net.Http.HttpContentExtensions.<ReadAsAsyncCore>d__17`1.MoveNext()
--- Fim do rastreamento de pilha do local anterior onde a exceção foi gerada ---
   em System.Runtime.CompilerServices.TaskAwaiter.ThrowForNonSuccess(Task task)
   em System.Runtime.CompilerServices.TaskAwaiter.HandleNonSuccessAndDebuggerNotification(Task task)
   em System.Runtime.CompilerServices.TaskAwaiter.ValidateEnd(Task task)
   em TogglJiraConsole.Service.<GetToggl>d__9.MoveNext() na C:\Marcelo\VS2017\IntegracaoTogglJira\windowsservicetoggljira\TogglJiraConsole\Service.cs:linha 160
23:33:52 | INFO | Fim da sincronizacao
23:34:49 | INFO | Iniciando a sincronizacao
23:34:52 | ERROR | Algum erro aconteceu no GetToggl: Newtonsoft.Json.JsonSerializationException: Error converting value {null} to type 'System.Int32'. Path 'total_grand', line 1, position 19. ---> System.InvalidCastException: O objeto nulo não pode ser convertido em um tipo de valor.
   em System.Convert.ChangeType(Object value, Type conversionType, IFormatProvider provider)
   em Newtonsoft.Json.Serialization.JsonSerializerInternalReader.EnsureType(JsonReader reader, Object value, CultureInfo culture, JsonContract contract, Type targetType)
   --- Fim do rastreamento de pilha de exceções internas ---
   em Newtonsoft.Json.Serialization.JsonSerializerInternalReader.EnsureType(JsonReader reader, Object value, CultureInfo culture, JsonContract contract, Type targetType)
   em Newtonsoft.Json.Serialization.JsonSerializerInternalReader.CreateValueInternal(JsonReader reader, Type objectType, JsonContract contract, JsonProperty member, JsonContainerContract containerContract, JsonProperty containerMember, Object existingValue)
   em Newtonsoft.Json.Serialization.JsonSerializerInternalReader.SetPropertyValue(JsonProperty property, JsonConverter propertyConverter, JsonContainerContract containerContract, JsonProperty containerProperty, JsonReader reader, Object target)
   em Newtonsoft.Json.Serialization.JsonSerializerInternalReader.PopulateObject(Object newObject, JsonReader reader, JsonObjectContract contract, JsonProperty member, String id)
   em Newtonsoft.Json.Serialization.JsonSerializerInternalReader.CreateObject(JsonReader reader, Type objectType, JsonContract contract, JsonProperty member, JsonContainerContract containerContract, JsonProperty containerMember, Object existingValue)
   em Newtonsoft.Json.Serialization.JsonSerializerInternalReader.CreateValueInternal(JsonReader reader, Type objectType, JsonContract contract, JsonProperty member, JsonContainerContract containerContract, JsonProperty containerMember, Object existingValue)
   em Newtonsoft.Json.Serialization.JsonSerializerInternalReader.Deserialize(JsonReader reader, Type objectType, Boolean checkAdditionalContent)
   em Newtonsoft.Json.JsonSerializer.DeserializeInternal(JsonReader reader, Type objectType)
   em System.Net.Http.Formatting.BaseJsonMediaTypeFormatter.ReadFromStream(Type type, Stream readStream, Encoding effectiveEncoding, IFormatterLogger formatterLogger)
   em System.Net.Http.Formatting.JsonMediaTypeFormatter.ReadFromStream(Type type, Stream readStream, Encoding effectiveEncoding, IFormatterLogger formatterLogger)
   em System.Net.Http.Formatting.BaseJsonMediaTypeFormatter.ReadFromStream(Type type, Stream readStream, HttpContent content, IFormatterLogger formatterLogger)
   em System.Net.Http.Formatting.BaseJsonMediaTypeFormatter.ReadFromStreamAsync(Type type, Stream readStream, HttpContent content, IFormatterLogger formatterLogger)
--- Fim do rastreamento de pilha do local anterior onde a exceção foi gerada ---
   em System.Runtime.CompilerServices.TaskAwaiter.ThrowForNonSuccess(Task task)
   em System.Runtime.CompilerServices.TaskAwaiter.HandleNonSuccessAndDebuggerNotification(Task task)
   em System.Net.Http.HttpContentExtensions.<ReadAsAsyncCore>d__17`1.MoveNext()
--- Fim do rastreamento de pilha do local anterior onde a exceção foi gerada ---
   em System.Runtime.CompilerServices.TaskAwaiter.ThrowForNonSuccess(Task task)
   em System.Runtime.CompilerServices.TaskAwaiter.HandleNonSuccessAndDebuggerNotification(Task task)
   em System.Runtime.CompilerServices.TaskAwaiter.ValidateEnd(Task task)
   em TogglJiraConsole.Service.<GetToggl>d__9.MoveNext() na C:\Marcelo\VS2017\IntegracaoTogglJira\windowsservicetoggljira\TogglJiraConsole\Service.cs:linha 160
23:34:52 | INFO | Fim da sincronizacao
23:35:49 | INFO | Iniciando a sincronizacao
23:35:52 | ERROR | Algum erro aconteceu no GetToggl: Newtonsoft.Json.JsonSerializationException: Error converting value {null} to type 'System.Int32'. Path 'total_grand', line 1, position 19. ---> System.InvalidCastException: O objeto nulo não pode ser convertido em um tipo de valor.
   em System.Convert.ChangeType(Object value, Type conversionType, IFormatProvider provider)
   em Newtonsoft.Json.Serialization.JsonSerializerInternalReader.EnsureType(JsonReader reader, Object value, CultureInfo culture, JsonContract contract, Type targetType)
   --- Fim do rastreamento de pilha de exceções internas ---
   em Newtonsoft.Json.Serialization.JsonSerializerInternalReader.EnsureType(JsonReader reader, Object value, CultureInfo culture, JsonContract contract, Type targetType)
   em Newtonsoft.Json.Serialization.JsonSerializerInternalReader.CreateValueInternal(JsonReader reader, Type objectType, JsonContract contract, JsonProperty member, JsonContainerContract containerContract, JsonProperty containerMember, Object existingValue)
   em Newtonsoft.Json.Serialization.JsonSerializerInternalReader.SetPropertyValue(JsonProperty property, JsonConverter propertyConverter, JsonContainerContract containerContract, JsonProperty containerProperty, JsonReader reader, Object target)
   em Newtonsoft.Json.Serialization.JsonSerializerInternalReader.PopulateObject(Object newObject, JsonReader reader, JsonObjectContract contract, JsonProperty member, String id)
   em Newtonsoft.Json.Serialization.JsonSerializerInternalReader.CreateObject(JsonReader reader, Type objectType, JsonContract contract, JsonProperty member, JsonContainerContract containerContract, JsonProperty containerMember, Object existingValue)
   em Newtonsoft.Json.Serialization.JsonSerializerInternalReader.CreateValueInternal(JsonReader reader, Type objectType, JsonContract contract, JsonProperty member, JsonContainerContract containerContract, JsonProperty containerMember, Object existingValue)
   em Newtonsoft.Json.Serialization.JsonSerializerInternalReader.Deserialize(JsonReader reader, Type objectType, Boolean checkAdditionalContent)
   em Newtonsoft.Json.JsonSerializer.DeserializeInternal(JsonReader reader, Type objectType)
   em System.Net.Http.Formatting.BaseJsonMediaTypeFormatter.ReadFromStream(Type type, Stream readStream, Encoding effectiveEncoding, IFormatterLogger formatterLogger)
   em System.Net.Http.Formatting.JsonMediaTypeFormatter.ReadFromStream(Type type, Stream readStream, Encoding effectiveEncoding, IFormatterLogger formatterLogger)
   em System.Net.Http.Formatting.BaseJsonMediaTypeFormatter.ReadFromStream(Type type, Stream readStream, HttpContent content, IFormatterLogger formatterLogger)
   em System.Net.Http.Formatting.BaseJsonMediaTypeFormatter.ReadFromStreamAsync(Type type, Stream readStream, HttpContent content, IFormatterLogger formatterLogger)
--- Fim do rastreamento de pilha do local anterior onde a exceção foi gerada ---
   em System.Runtime.CompilerServices.TaskAwaiter.ThrowForNonSuccess(Task task)
   em System.Runtime.CompilerServices.TaskAwaiter.HandleNonSuccessAndDebuggerNotification(Task task)
   em System.Net.Http.HttpContentExtensions.<ReadAsAsyncCore>d__17`1.MoveNext()
--- Fim do rastreamento de pilha do local anterior onde a exceção foi gerada ---
   em System.Runtime.CompilerServices.TaskAwaiter.ThrowForNonSuccess(Task task)
   em System.Runtime.CompilerServices.TaskAwaiter.HandleNonSuccessAndDebuggerNotification(Task task)
   em System.Runtime.CompilerServices.TaskAwaiter.ValidateEnd(Task task)
   em TogglJiraConsole.Service.<GetToggl>d__9.MoveNext() na C:\Marcelo\VS2017\IntegracaoTogglJira\windowsservicetoggljira\TogglJiraConsole\Service.cs:linha 160
23:35:52 | INFO | Fim da sincronizacao
23:36:49 | INFO | Iniciando a sincronizacao
23:36:52 | ERROR | Algum erro aconteceu no GetToggl: Newtonsoft.Json.JsonSerializationException: Error converting value {null} to type 'System.Int32'. Path 'total_grand', line 1, position 19. ---> System.InvalidCastException: O objeto nulo não pode ser convertido em um tipo de valor.
   em System.Convert.ChangeType(Object value, Type conversionType, IFormatProvider provider)
   em Newtonsoft.Json.Serialization.JsonSerializerInternalReader.EnsureType(JsonReader reader, Object value, CultureInfo culture, JsonContract contract, Type targetType)
   --- Fim do rastreamento de pilha de exceções internas ---
   em Newtonsoft.Json.Serialization.JsonSerializerInternalReader.EnsureType(JsonReader reader, Object value, CultureInfo culture, JsonContract contract, Type targetType)
   em Newtonsoft.Json.Serialization.JsonSerializerInternalReader.CreateValueInternal(JsonReader reader, Type objectType, JsonContract contract, JsonProperty member, JsonContainerContract containerContract, JsonProperty containerMember, Object existingValue)
   em Newtonsoft.Json.Serialization.JsonSerializerInternalReader.SetPropertyValue(JsonProperty property, JsonConverter propertyConverter, JsonContainerContract containerContract, JsonProperty containerProperty, JsonReader reader, Object target)
   em Newtonsoft.Json.Serialization.JsonSerializerInternalReader.PopulateObject(Object newObject, JsonReader reader, JsonObjectContract contract, JsonProperty member, String id)
   em Newtonsoft.Json.Serialization.JsonSerializerInternalReader.CreateObject(JsonReader reader, Type objectType, JsonContract contract, JsonProperty member, JsonContainerContract containerContract, JsonProperty containerMember, Object existingValue)
   em Newtonsoft.Json.Serialization.JsonSerializerInternalReader.CreateValueInternal(JsonReader reader, Type objectType, JsonContract contract, JsonProperty member, JsonContainerContract containerContract, JsonProperty containerMember, Object existingValue)
   em Newtonsoft.Json.Serialization.JsonSerializerInternalReader.Deserialize(JsonReader reader, Type objectType, Boolean checkAdditionalContent)
   em Newtonsoft.Json.JsonSerializer.DeserializeInternal(JsonReader reader, Type objectType)
   em System.Net.Http.Formatting.BaseJsonMediaTypeFormatter.ReadFromStream(Type type, Stream readStream, Encoding effectiveEncoding, IFormatterLogger formatterLogger)
   em System.Net.Http.Formatting.JsonMediaTypeFormatter.ReadFromStream(Type type, Stream readStream, Encoding effectiveEncoding, IFormatterLogger formatterLogger)
   em System.Net.Http.Formatting.BaseJsonMediaTypeFormatter.ReadFromStream(Type type, Stream readStream, HttpContent content, IFormatterLogger formatterLogger)
   em System.Net.Http.Formatting.BaseJsonMediaTypeFormatter.ReadFromStreamAsync(Type type, Stream readStream, HttpContent content, IFormatterLogger formatterLogger)
--- Fim do rastreamento de pilha do local anterior onde a exceção foi gerada ---
   em System.Runtime.CompilerServices.TaskAwaiter.ThrowForNonSuccess(Task task)
   em System.Runtime.CompilerServices.TaskAwaiter.HandleNonSuccessAndDebuggerNotification(Task task)
   em System.Net.Http.HttpContentExtensions.<ReadAsAsyncCore>d__17`1.MoveNext()
--- Fim do rastreamento de pilha do local anterior onde a exceção foi gerada ---
   em System.Runtime.CompilerServices.TaskAwaiter.ThrowForNonSuccess(Task task)
   em System.Runtime.CompilerServices.TaskAwaiter.HandleNonSuccessAndDebuggerNotification(Task task)
   em System.Runtime.CompilerServices.TaskAwaiter.ValidateEnd(Task task)
   em TogglJiraConsole.Service.<GetToggl>d__9.MoveNext() na C:\Marcelo\VS2017\IntegracaoTogglJira\windowsservicetoggljira\TogglJiraConsole\Service.cs:linha 160
23:36:52 | INFO | Fim da sincronizacao
23:39:49 | INFO | Iniciando a sincronizacao
23:39:52 | ERROR | Algum erro aconteceu no GetToggl: Newtonsoft.Json.JsonSerializationException: Error converting value {null} to type 'System.Int32'. Path 'total_grand', line 1, position 19. ---> System.InvalidCastException: O objeto nulo não pode ser convertido em um tipo de valor.
   em System.Convert.ChangeType(Object value, Type conversionType, IFormatProvider provider)
   em Newtonsoft.Json.Serialization.JsonSerializerInternalReader.EnsureType(JsonReader reader, Object value, CultureInfo culture, JsonContract contract, Type targetType)
   --- Fim do rastreamento de pilha de exceções internas ---
   em Newtonsoft.Json.Serialization.JsonSerializerInternalReader.EnsureType(JsonReader reader, Object value, CultureInfo culture, JsonContract contract, Type targetType)
   em Newtonsoft.Json.Serialization.JsonSerializerInternalReader.CreateValueInternal(JsonReader reader, Type objectType, JsonContract contract, JsonProperty member, JsonContainerContract containerContract, JsonProperty containerMember, Object existingValue)
   em Newtonsoft.Json.Serialization.JsonSerializerInternalReader.SetPropertyValue(JsonProperty property, JsonConverter propertyConverter, JsonContainerContract containerContract, JsonProperty containerProperty, JsonReader reader, Object target)
   em Newtonsoft.Json.Serialization.JsonSerializerInternalReader.PopulateObject(Object newObject, JsonReader reader, JsonObjectContract contract, JsonProperty member, String id)
   em Newtonsoft.Json.Serialization.JsonSerializerInternalReader.CreateObject(JsonReader reader, Type objectType, JsonContract contract, JsonProperty member, JsonContainerContract containerContract, JsonProperty containerMember, Object existingValue)
   em Newtonsoft.Json.Serialization.JsonSerializerInternalReader.CreateValueInternal(JsonReader reader, Type objectType, JsonContract contract, JsonProperty member, JsonContainerContract containerContract, JsonProperty containerMember, Object existingValue)
   em Newtonsoft.Json.Serialization.JsonSerializerInternalReader.Deserialize(JsonReader reader, Type objectType, Boolean checkAdditionalContent)
   em Newtonsoft.Json.JsonSerializer.DeserializeInternal(JsonReader reader, Type objectType)
   em System.Net.Http.Formatting.BaseJsonMediaTypeFormatter.ReadFromStream(Type type, Stream readStream, Encoding effectiveEncoding, IFormatterLogger formatterLogger)
   em System.Net.Http.Formatting.JsonMediaTypeFormatter.ReadFromStream(Type type, Stream readStream, Encoding effectiveEncoding, IFormatterLogger formatterLogger)
   em System.Net.Http.Formatting.BaseJsonMediaTypeFormatter.ReadFromStream(Type type, Stream readStream, HttpContent content, IFormatterLogger formatterLogger)
   em System.Net.Http.Formatting.BaseJsonMediaTypeFormatter.ReadFromStreamAsync(Type type, Stream readStream, HttpContent content, IFormatterLogger formatterLogger)
--- Fim do rastreamento de pilha do local anterior onde a exceção foi gerada ---
   em System.Runtime.CompilerServices.TaskAwaiter.ThrowForNonSuccess(Task task)
   em System.Runtime.CompilerServices.TaskAwaiter.HandleNonSuccessAndDebuggerNotification(Task task)
   em System.Net.Http.HttpContentExtensions.<ReadAsAsyncCore>d__17`1.MoveNext()
--- Fim do rastreamento de pilha do local anterior onde a exceção foi gerada ---
   em System.Runtime.CompilerServices.TaskAwaiter.ThrowForNonSuccess(Task task)
   em System.Runtime.CompilerServices.TaskAwaiter.HandleNonSuccessAndDebuggerNotification(Task task)
   em System.Runtime.CompilerServices.TaskAwaiter.ValidateEnd(Task task)
   em TogglJiraConsole.Service.<GetToggl>d__9.MoveNext() na C:\Marcelo\VS2017\IntegracaoTogglJira\windowsservicetoggljira\TogglJiraConsole\Service.cs:linha 160
23:39:52 | INFO | Fim da sincronizacao
23:40:49 | INFO | Iniciando a sincronizacao
23:40:52 | ERROR | Algum erro aconteceu no GetToggl: Newtonsoft.Json.JsonSerializationException: Error converting value {null} to type 'System.Int32'. Path 'total_grand', line 1, position 19. ---> System.InvalidCastException: O objeto nulo não pode ser convertido em um tipo de valor.
   em System.Convert.ChangeType(Object value, Type conversionType, IFormatProvider provider)
   em Newtonsoft.Json.Serialization.JsonSerializerInternalReader.EnsureType(JsonReader reader, Object value, CultureInfo culture, JsonContract contract, Type targetType)
   --- Fim do rastreamento de pilha de exceções internas ---
   em Newtonsoft.Json.Serialization.JsonSerializerInternalReader.EnsureType(JsonReader reader, Object value, CultureInfo culture, JsonContract contract, Type targetType)
   em Newtonsoft.Json.Serialization.JsonSerializerInternalReader.CreateValueInternal(JsonReader reader, Type objectType, JsonContract contract, JsonProperty member, JsonContainerContract containerContract, JsonProperty containerMember, Object existingValue)
   em Newtonsoft.Json.Serialization.JsonSerializerInternalReader.SetPropertyValue(JsonProperty property, JsonConverter propertyConverter, JsonContainerContract containerContract, JsonProperty containerProperty, JsonReader reader, Object target)
   em Newtonsoft.Json.Serialization.JsonSerializerInternalReader.PopulateObject(Object newObject, JsonReader reader, JsonObjectContract contract, JsonProperty member, String id)
   em Newtonsoft.Json.Serialization.JsonSerializerInternalReader.CreateObject(JsonReader reader, Type objectType, JsonContract contract, JsonProperty member, JsonContainerContract containerContract, JsonProperty containerMember, Object existingValue)
   em Newtonsoft.Json.Serialization.JsonSerializerInternalReader.CreateValueInternal(JsonReader reader, Type objectType, JsonContract contract, JsonProperty member, JsonContainerContract containerContract, JsonProperty containerMember, Object existingValue)
   em Newtonsoft.Json.Serialization.JsonSerializerInternalReader.Deserialize(JsonReader reader, Type objectType, Boolean checkAdditionalContent)
   em Newtonsoft.Json.JsonSerializer.DeserializeInternal(JsonReader reader, Type objectType)
   em System.Net.Http.Formatting.BaseJsonMediaTypeFormatter.ReadFromStream(Type type, Stream readStream, Encoding effectiveEncoding, IFormatterLogger formatterLogger)
   em System.Net.Http.Formatting.JsonMediaTypeFormatter.ReadFromStream(Type type, Stream readStream, Encoding effectiveEncoding, IFormatterLogger formatterLogger)
   em System.Net.Http.Formatting.BaseJsonMediaTypeFormatter.ReadFromStream(Type type, Stream readStream, HttpContent content, IFormatterLogger formatterLogger)
   em System.Net.Http.Formatting.BaseJsonMediaTypeFormatter.ReadFromStreamAsync(Type type, Stream readStream, HttpContent content, IFormatterLogger formatterLogger)
--- Fim do rastreamento de pilha do local anterior onde a exceção foi gerada ---
   em System.Runtime.CompilerServices.TaskAwaiter.ThrowForNonSuccess(Task task)
   em System.Runtime.CompilerServices.TaskAwaiter.HandleNonSuccessAndDebuggerNotification(Task task)
   em System.Net.Http.HttpContentExtensions.<ReadAsAsyncCore>d__17`1.MoveNext()
--- Fim do rastreamento de pilha do local anterior onde a exceção foi gerada ---
   em System.Runtime.CompilerServices.TaskAwaiter.ThrowForNonSuccess(Task task)
   em System.Runtime.CompilerServices.TaskAwaiter.HandleNonSuccessAndDebuggerNotification(Task task)
   em System.Runtime.CompilerServices.TaskAwaiter.ValidateEnd(Task task)
   em TogglJiraConsole.Service.<GetToggl>d__9.MoveNext() na C:\Marcelo\VS2017\IntegracaoTogglJira\windowsservicetoggljira\TogglJiraConsole\Service.cs:linha 160
23:40:52 | INFO | Fim da sincronizacao
23:41:49 | INFO | Iniciando a sincronizacao
23:41:52 | ERROR | Algum erro aconteceu no GetToggl: Newtonsoft.Json.JsonSerializationException: Error converting value {null} to type 'System.Int32'. Path 'total_grand', line 1, position 19. ---> System.InvalidCastException: O objeto nulo não pode ser convertido em um tipo de valor.
   em System.Convert.ChangeType(Object value, Type conversionType, IFormatProvider provider)
   em Newtonsoft.Json.Serialization.JsonSerializerInternalReader.EnsureType(JsonReader reader, Object value, CultureInfo culture, JsonContract contract, Type targetType)
   --- Fim do rastreamento de pilha de exceções internas ---
   em Newtonsoft.Json.Serialization.JsonSerializerInternalReader.EnsureType(JsonReader reader, Object value, CultureInfo culture, JsonContract contract, Type targetType)
   em Newtonsoft.Json.Serialization.JsonSerializerInternalReader.CreateValueInternal(JsonReader reader, Type objectType, JsonContract contract, JsonProperty member, JsonContainerContract containerContract, JsonProperty containerMember, Object existingValue)
   em Newtonsoft.Json.Serialization.JsonSerializerInternalReader.SetPropertyValue(JsonProperty property, JsonConverter propertyConverter, JsonContainerContract containerContract, JsonProperty containerProperty, JsonReader reader, Object target)
   em Newtonsoft.Json.Serialization.JsonSerializerInternalReader.PopulateObject(Object newObject, JsonReader reader, JsonObjectContract contract, JsonProperty member, String id)
   em Newtonsoft.Json.Serialization.JsonSerializerInternalReader.CreateObject(JsonReader reader, Type objectType, JsonContract contract, JsonProperty member, JsonContainerContract containerContract, JsonProperty containerMember, Object existingValue)
   em Newtonsoft.Json.Serialization.JsonSerializerInternalReader.CreateValueInternal(JsonReader reader, Type objectType, JsonContract contract, JsonProperty member, JsonContainerContract containerContract, JsonProperty containerMember, Object existingValue)
   em Newtonsoft.Json.Serialization.JsonSerializerInternalReader.Deserialize(JsonReader reader, Type objectType, Boolean checkAdditionalContent)
   em Newtonsoft.Json.JsonSerializer.DeserializeInternal(JsonReader reader, Type objectType)
   em System.Net.Http.Formatting.BaseJsonMediaTypeFormatter.ReadFromStream(Type type, Stream readStream, Encoding effectiveEncoding, IFormatterLogger formatterLogger)
   em System.Net.Http.Formatting.JsonMediaTypeFormatter.ReadFromStream(Type type, Stream readStream, Encoding effectiveEncoding, IFormatterLogger formatterLogger)
   em System.Net.Http.Formatting.BaseJsonMediaTypeFormatter.ReadFromStream(Type type, Stream readStream, HttpContent content, IFormatterLogger formatterLogger)
   em System.Net.Http.Formatting.BaseJsonMediaTypeFormatter.ReadFromStreamAsync(Type type, Stream readStream, HttpContent content, IFormatterLogger formatterLogger)
--- Fim do rastreamento de pilha do local anterior onde a exceção foi gerada ---
   em System.Runtime.CompilerServices.TaskAwaiter.ThrowForNonSuccess(Task task)
   em System.Runtime.CompilerServices.TaskAwaiter.HandleNonSuccessAndDebuggerNotification(Task task)
   em System.Net.Http.HttpContentExtensions.<ReadAsAsyncCore>d__17`1.MoveNext()
--- Fim do rastreamento de pilha do local anterior onde a exceção foi gerada ---
   em System.Runtime.CompilerServices.TaskAwaiter.ThrowForNonSuccess(Task task)
   em System.Runtime.CompilerServices.TaskAwaiter.HandleNonSuccessAndDebuggerNotification(Task task)
   em System.Runtime.CompilerServices.TaskAwaiter.ValidateEnd(Task task)
   em TogglJiraConsole.Service.<GetToggl>d__9.MoveNext() na C:\Marcelo\VS2017\IntegracaoTogglJira\windowsservicetoggljira\TogglJiraConsole\Service.cs:linha 160
23:41:52 | INFO | Fim da sincronizacao
